<?xml version="1.0" encoding="UTF-8"?>
<testsuite name="ParkingLotTest$AttendentTest" tests="4" skipped="0" failures="0" errors="0" timestamp="2019-10-07T10:21:32" hostname="varsha" time="0.006">
  <properties/>
  <testcase name="givenVehicleToAttendent_whenParkInMostCapacity_ThenShouldParkInMostCapacity()" classname="ParkingLotTest$AttendentTest" time="0.002"/>
  <testcase name="givenVehicleToAttendent_WhenParkInMostCapacity_ThenShouldParkInMostCapacity()" classname="ParkingLotTest$AttendentTest" time="0.0"/>
  <testcase name="givenVehicleToAttendent_WhenParkAndUnpark_ThenShouldParkInMostSpace()" classname="ParkingLotTest$AttendentTest" time="0.001"/>
  <testcase name="givenVehicleToAttendent_whenPark_ThenShouldParkInMostSpace()" classname="ParkingLotTest$AttendentTest" time="0.001"/>
  <system-out><![CDATA[]]></system-out>
  <system-err><![CDATA[]]></system-err>
</testsuite>
