<?xml version="1.0" encoding="UTF-8"?>
<testsuite name="ParkingLotTest$Guard" tests="6" skipped="0" failures="0" errors="0" timestamp="2019-10-07T10:21:32" hostname="varsha" time="0.011">
  <properties/>
  <testcase name="givenNotifyGuardWhenParkingLotFulCount_WhenParkAndUnPark_ThenShouldCount()" classname="ParkingLotTest$Guard" time="0.007"/>
  <testcase name="givenNotifyGuardWhenParkingLotFull_WhenNoPark_ThenShouldNotNotify()" classname="ParkingLotTest$Guard" time="0.001"/>
  <testcase name="givenNotifyGuardWhenParkingLotEmpty_WhenUnPark_ThenShouldNotify()" classname="ParkingLotTest$Guard" time="0.001"/>
  <testcase name="givenNotifyGuardWhenParkingLotFulCount_WhenPark_ThenShouldCount()" classname="ParkingLotTest$Guard" time="0.0"/>
  <testcase name="givenNotifyGuardWhenParkingLotFull_whenPark_ThenShouldInform()" classname="ParkingLotTest$Guard" time="0.0"/>
  <testcase name="givenParkingLotFulInformAfterFirstUnParkInform_WhenParkAndUnPark_ThenShouldCount()" classname="ParkingLotTest$Guard" time="0.0"/>
  <system-out><![CDATA[]]></system-out>
  <system-err><![CDATA[]]></system-err>
</testsuite>
