<?xml version="1.0" encoding="UTF-8"?>
<testsuite name="ParkingLotTest$ObserverTest" tests="4" skipped="0" failures="0" errors="0" timestamp="2019-10-07T10:21:32" hostname="varsha" time="0.003">
  <properties/>
  <testcase name="givenNullSubscribers_WhenParkingLotFull_ThenNoNotify()" classname="ParkingLotTest$ObserverTest" time="0.0"/>
  <testcase name="givenNoSubscribers_WhenParkingLotFull_ThenNoNotify()" classname="ParkingLotTest$ObserverTest" time="0.0"/>
  <testcase name="givenSubscribersThenUnsubscribe_WhenParkingLotFull_ThenNoNotify()" classname="ParkingLotTest$ObserverTest" time="0.0"/>
  <testcase name="givenSubscribers_WhenParkingLotFull_ThenNotify()" classname="ParkingLotTest$ObserverTest" time="0.0"/>
  <system-out><![CDATA[]]></system-out>
  <system-err><![CDATA[]]></system-err>
</testsuite>
